Traceback (most recent call last):
  File "main.py", line 2, in <module>
    import tensorflow as tf
ModuleNotFoundError: No module named 'tensorflow'
2020-09-29 13:48:20.777470: I tensorflow/stream_executor/platform/default/dso_loader.cc:44] Successfully opened dynamic library libcuda.so.1
2020-09-29 13:48:21.366975: I tensorflow/stream_executor/cuda/cuda_gpu_executor.cc:981] successful NUMA node read from SysFS had negative value (-1), but there must be at least one NUMA node, so returning NUMA node zero
2020-09-29 13:48:21.367318: I tensorflow/core/common_runtime/gpu/gpu_device.cc:1555] Found device 0 with properties: 
pciBusID: 0000:01:00.0 name: GeForce RTX 2080 Ti computeCapability: 7.5
coreClock: 1.545GHz coreCount: 68 deviceMemorySize: 10.76GiB deviceMemoryBandwidth: 573.69GiB/s
2020-09-29 13:48:21.367810: I tensorflow/stream_executor/platform/default/dso_loader.cc:44] Successfully opened dynamic library libcudart.so.10.1
2020-09-29 13:48:21.370037: I tensorflow/stream_executor/platform/default/dso_loader.cc:44] Successfully opened dynamic library libcublas.so.10
2020-09-29 13:48:21.371358: I tensorflow/stream_executor/platform/default/dso_loader.cc:44] Successfully opened dynamic library libcufft.so.10
2020-09-29 13:48:21.372133: I tensorflow/stream_executor/platform/default/dso_loader.cc:44] Successfully opened dynamic library libcurand.so.10
2020-09-29 13:48:21.373989: I tensorflow/stream_executor/platform/default/dso_loader.cc:44] Successfully opened dynamic library libcusolver.so.10
2020-09-29 13:48:21.374709: I tensorflow/stream_executor/platform/default/dso_loader.cc:44] Successfully opened dynamic library libcusparse.so.10
2020-09-29 13:48:21.378290: I tensorflow/stream_executor/platform/default/dso_loader.cc:44] Successfully opened dynamic library libcudnn.so.7
2020-09-29 13:48:21.378362: I tensorflow/stream_executor/cuda/cuda_gpu_executor.cc:981] successful NUMA node read from SysFS had negative value (-1), but there must be at least one NUMA node, so returning NUMA node zero
2020-09-29 13:48:21.378784: I tensorflow/stream_executor/cuda/cuda_gpu_executor.cc:981] successful NUMA node read from SysFS had negative value (-1), but there must be at least one NUMA node, so returning NUMA node zero
2020-09-29 13:48:21.379072: I tensorflow/core/common_runtime/gpu/gpu_device.cc:1697] Adding visible gpu devices: 0
2020-09-29 13:48:21.379356: I tensorflow/core/platform/cpu_feature_guard.cc:142] Your CPU supports instructions that this TensorFlow binary was not compiled to use: SSE4.1 SSE4.2 AVX AVX2 FMA
2020-09-29 13:48:21.383749: I tensorflow/core/platform/profile_utils/cpu_utils.cc:94] CPU Frequency: 3600000000 Hz
2020-09-29 13:48:21.384335: I tensorflow/compiler/xla/service/service.cc:168] XLA service 0x55d97a56ba30 initialized for platform Host (this does not guarantee that XLA will be used). Devices:
2020-09-29 13:48:21.384350: I tensorflow/compiler/xla/service/service.cc:176]   StreamExecutor device (0): Host, Default Version
2020-09-29 13:48:21.384441: I tensorflow/stream_executor/cuda/cuda_gpu_executor.cc:981] successful NUMA node read from SysFS had negative value (-1), but there must be at least one NUMA node, so returning NUMA node zero
2020-09-29 13:48:21.384726: I tensorflow/core/common_runtime/gpu/gpu_device.cc:1555] Found device 0 with properties: 
pciBusID: 0000:01:00.0 name: GeForce RTX 2080 Ti computeCapability: 7.5
coreClock: 1.545GHz coreCount: 68 deviceMemorySize: 10.76GiB deviceMemoryBandwidth: 573.69GiB/s
2020-09-29 13:48:21.384747: I tensorflow/stream_executor/platform/default/dso_loader.cc:44] Successfully opened dynamic library libcudart.so.10.1
2020-09-29 13:48:21.384757: I tensorflow/stream_executor/platform/default/dso_loader.cc:44] Successfully opened dynamic library libcublas.so.10
2020-09-29 13:48:21.384766: I tensorflow/stream_executor/platform/default/dso_loader.cc:44] Successfully opened dynamic library libcufft.so.10
2020-09-29 13:48:21.384775: I tensorflow/stream_executor/platform/default/dso_loader.cc:44] Successfully opened dynamic library libcurand.so.10
2020-09-29 13:48:21.384784: I tensorflow/stream_executor/platform/default/dso_loader.cc:44] Successfully opened dynamic library libcusolver.so.10
2020-09-29 13:48:21.384798: I tensorflow/stream_executor/platform/default/dso_loader.cc:44] Successfully opened dynamic library libcusparse.so.10
2020-09-29 13:48:21.384807: I tensorflow/stream_executor/platform/default/dso_loader.cc:44] Successfully opened dynamic library libcudnn.so.7
2020-09-29 13:48:21.384840: I tensorflow/stream_executor/cuda/cuda_gpu_executor.cc:981] successful NUMA node read from SysFS had negative value (-1), but there must be at least one NUMA node, so returning NUMA node zero
2020-09-29 13:48:21.385132: I tensorflow/stream_executor/cuda/cuda_gpu_executor.cc:981] successful NUMA node read from SysFS had negative value (-1), but there must be at least one NUMA node, so returning NUMA node zero
2020-09-29 13:48:21.385400: I tensorflow/core/common_runtime/gpu/gpu_device.cc:1697] Adding visible gpu devices: 0
2020-09-29 13:48:21.385419: I tensorflow/stream_executor/platform/default/dso_loader.cc:44] Successfully opened dynamic library libcudart.so.10.1
2020-09-29 13:48:21.437347: I tensorflow/core/common_runtime/gpu/gpu_device.cc:1096] Device interconnect StreamExecutor with strength 1 edge matrix:
2020-09-29 13:48:21.437371: I tensorflow/core/common_runtime/gpu/gpu_device.cc:1102]      0 
2020-09-29 13:48:21.437376: I tensorflow/core/common_runtime/gpu/gpu_device.cc:1115] 0:   N 
2020-09-29 13:48:21.437484: I tensorflow/stream_executor/cuda/cuda_gpu_executor.cc:981] successful NUMA node read from SysFS had negative value (-1), but there must be at least one NUMA node, so returning NUMA node zero
2020-09-29 13:48:21.437806: I tensorflow/stream_executor/cuda/cuda_gpu_executor.cc:981] successful NUMA node read from SysFS had negative value (-1), but there must be at least one NUMA node, so returning NUMA node zero
2020-09-29 13:48:21.438098: I tensorflow/stream_executor/cuda/cuda_gpu_executor.cc:981] successful NUMA node read from SysFS had negative value (-1), but there must be at least one NUMA node, so returning NUMA node zero
2020-09-29 13:48:21.438379: I tensorflow/core/common_runtime/gpu/gpu_device.cc:1241] Created TensorFlow device (/job:localhost/replica:0/task:0/device:GPU:0 with 10320 MB memory) -> physical GPU (device: 0, name: GeForce RTX 2080 Ti, pci bus id: 0000:01:00.0, compute capability: 7.5)
2020-09-29 13:48:21.439397: I tensorflow/compiler/xla/service/service.cc:168] XLA service 0x55d97d22fab0 initialized for platform CUDA (this does not guarantee that XLA will be used). Devices:
2020-09-29 13:48:21.439408: I tensorflow/compiler/xla/service/service.cc:176]   StreamExecutor device (0): GeForce RTX 2080 Ti, Compute Capability 7.5
Traceback (most recent call last):
  File "main.py", line 163, in <module>
    main()
  File "main.py", line 114, in main
    saveModel = SaveModel(gen,dis, dataSetConfig, mode = 'min', save_weights_only=True)   #建立一個訓練規則
  File "/home/csun001/Nyx/NyxCode/Nyx_Reconstruction/utlis/SaveModel.py", line 31, in __init__
    copytree(r'E:\NTNU1-2\Nyx\NyxCode\Nyx_Reconstruction', dataSetConfig['logDir']+'Nyx_Reconstruction\\')        
  File "/home/csun001/anaconda3/envs/2.1.0-gpu/lib/python3.7/shutil.py", line 318, in copytree
    names = os.listdir(src)
FileNotFoundError: [Errno 2] No such file or directory: 'E:\\NTNU1-2\\Nyx\\NyxCode\\Nyx_Reconstruction'
2020-09-29 13:50:54.239826: I tensorflow/stream_executor/platform/default/dso_loader.cc:44] Successfully opened dynamic library libcuda.so.1
2020-09-29 13:50:54.813664: I tensorflow/stream_executor/cuda/cuda_gpu_executor.cc:981] successful NUMA node read from SysFS had negative value (-1), but there must be at least one NUMA node, so returning NUMA node zero
2020-09-29 13:50:54.813965: I tensorflow/core/common_runtime/gpu/gpu_device.cc:1555] Found device 0 with properties: 
pciBusID: 0000:01:00.0 name: GeForce RTX 2080 Ti computeCapability: 7.5
coreClock: 1.545GHz coreCount: 68 deviceMemorySize: 10.76GiB deviceMemoryBandwidth: 573.69GiB/s
2020-09-29 13:50:54.814095: I tensorflow/stream_executor/platform/default/dso_loader.cc:44] Successfully opened dynamic library libcudart.so.10.1
2020-09-29 13:50:54.815186: I tensorflow/stream_executor/platform/default/dso_loader.cc:44] Successfully opened dynamic library libcublas.so.10
2020-09-29 13:50:54.816179: I tensorflow/stream_executor/platform/default/dso_loader.cc:44] Successfully opened dynamic library libcufft.so.10
2020-09-29 13:50:54.816314: I tensorflow/stream_executor/platform/default/dso_loader.cc:44] Successfully opened dynamic library libcurand.so.10
2020-09-29 13:50:54.817427: I tensorflow/stream_executor/platform/default/dso_loader.cc:44] Successfully opened dynamic library libcusolver.so.10
2020-09-29 13:50:54.817984: I tensorflow/stream_executor/platform/default/dso_loader.cc:44] Successfully opened dynamic library libcusparse.so.10
2020-09-29 13:50:54.820035: I tensorflow/stream_executor/platform/default/dso_loader.cc:44] Successfully opened dynamic library libcudnn.so.7
2020-09-29 13:50:54.820106: I tensorflow/stream_executor/cuda/cuda_gpu_executor.cc:981] successful NUMA node read from SysFS had negative value (-1), but there must be at least one NUMA node, so returning NUMA node zero
2020-09-29 13:50:54.820477: I tensorflow/stream_executor/cuda/cuda_gpu_executor.cc:981] successful NUMA node read from SysFS had negative value (-1), but there must be at least one NUMA node, so returning NUMA node zero
2020-09-29 13:50:54.820803: I tensorflow/core/common_runtime/gpu/gpu_device.cc:1697] Adding visible gpu devices: 0
2020-09-29 13:50:54.820978: I tensorflow/core/platform/cpu_feature_guard.cc:142] Your CPU supports instructions that this TensorFlow binary was not compiled to use: SSE4.1 SSE4.2 AVX AVX2 FMA
2020-09-29 13:50:54.825412: I tensorflow/core/platform/profile_utils/cpu_utils.cc:94] CPU Frequency: 3600000000 Hz
2020-09-29 13:50:54.826422: I tensorflow/compiler/xla/service/service.cc:168] XLA service 0x55a4e8bbca30 initialized for platform Host (this does not guarantee that XLA will be used). Devices:
2020-09-29 13:50:54.826437: I tensorflow/compiler/xla/service/service.cc:176]   StreamExecutor device (0): Host, Default Version
2020-09-29 13:50:54.826559: I tensorflow/stream_executor/cuda/cuda_gpu_executor.cc:981] successful NUMA node read from SysFS had negative value (-1), but there must be at least one NUMA node, so returning NUMA node zero
2020-09-29 13:50:54.827014: I tensorflow/core/common_runtime/gpu/gpu_device.cc:1555] Found device 0 with properties: 
pciBusID: 0000:01:00.0 name: GeForce RTX 2080 Ti computeCapability: 7.5
coreClock: 1.545GHz coreCount: 68 deviceMemorySize: 10.76GiB deviceMemoryBandwidth: 573.69GiB/s
2020-09-29 13:50:54.827036: I tensorflow/stream_executor/platform/default/dso_loader.cc:44] Successfully opened dynamic library libcudart.so.10.1
2020-09-29 13:50:54.827045: I tensorflow/stream_executor/platform/default/dso_loader.cc:44] Successfully opened dynamic library libcublas.so.10
2020-09-29 13:50:54.827053: I tensorflow/stream_executor/platform/default/dso_loader.cc:44] Successfully opened dynamic library libcufft.so.10
2020-09-29 13:50:54.827062: I tensorflow/stream_executor/platform/default/dso_loader.cc:44] Successfully opened dynamic library libcurand.so.10
2020-09-29 13:50:54.827070: I tensorflow/stream_executor/platform/default/dso_loader.cc:44] Successfully opened dynamic library libcusolver.so.10
2020-09-29 13:50:54.827079: I tensorflow/stream_executor/platform/default/dso_loader.cc:44] Successfully opened dynamic library libcusparse.so.10
2020-09-29 13:50:54.827087: I tensorflow/stream_executor/platform/default/dso_loader.cc:44] Successfully opened dynamic library libcudnn.so.7
2020-09-29 13:50:54.827118: I tensorflow/stream_executor/cuda/cuda_gpu_executor.cc:981] successful NUMA node read from SysFS had negative value (-1), but there must be at least one NUMA node, so returning NUMA node zero
2020-09-29 13:50:54.827408: I tensorflow/stream_executor/cuda/cuda_gpu_executor.cc:981] successful NUMA node read from SysFS had negative value (-1), but there must be at least one NUMA node, so returning NUMA node zero
2020-09-29 13:50:54.827747: I tensorflow/core/common_runtime/gpu/gpu_device.cc:1697] Adding visible gpu devices: 0
2020-09-29 13:50:54.827769: I tensorflow/stream_executor/platform/default/dso_loader.cc:44] Successfully opened dynamic library libcudart.so.10.1
2020-09-29 13:50:54.878513: I tensorflow/core/common_runtime/gpu/gpu_device.cc:1096] Device interconnect StreamExecutor with strength 1 edge matrix:
2020-09-29 13:50:54.878541: I tensorflow/core/common_runtime/gpu/gpu_device.cc:1102]      0 
2020-09-29 13:50:54.878547: I tensorflow/core/common_runtime/gpu/gpu_device.cc:1115] 0:   N 
2020-09-29 13:50:54.878671: I tensorflow/stream_executor/cuda/cuda_gpu_executor.cc:981] successful NUMA node read from SysFS had negative value (-1), but there must be at least one NUMA node, so returning NUMA node zero
2020-09-29 13:50:54.879029: I tensorflow/stream_executor/cuda/cuda_gpu_executor.cc:981] successful NUMA node read from SysFS had negative value (-1), but there must be at least one NUMA node, so returning NUMA node zero
2020-09-29 13:50:54.879324: I tensorflow/stream_executor/cuda/cuda_gpu_executor.cc:981] successful NUMA node read from SysFS had negative value (-1), but there must be at least one NUMA node, so returning NUMA node zero
2020-09-29 13:50:54.879708: I tensorflow/core/common_runtime/gpu/gpu_device.cc:1241] Created TensorFlow device (/job:localhost/replica:0/task:0/device:GPU:0 with 10320 MB memory) -> physical GPU (device: 0, name: GeForce RTX 2080 Ti, pci bus id: 0000:01:00.0, compute capability: 7.5)
2020-09-29 13:50:54.880869: I tensorflow/compiler/xla/service/service.cc:168] XLA service 0x55a4eb87e4b0 initialized for platform CUDA (this does not guarantee that XLA will be used). Devices:
2020-09-29 13:50:54.880881: I tensorflow/compiler/xla/service/service.cc:176]   StreamExecutor device (0): GeForce RTX 2080 Ti, Compute Capability 7.5
2020-09-29 13:50:55.042152: W tensorflow/core/framework/op_kernel.cc:1655] OP_REQUIRES failed at iterator_ops.cc:941 : Not found: /home/csun001/Nyx/NyxDataSet/NyxDataSet64_64_64.tfrecords; No such file or directory
Traceback (most recent call last):
  File "/home/csun001/anaconda3/envs/2.1.0-gpu/lib/python3.7/site-packages/tensorflow_core/python/eager/context.py", line 1897, in execution_mode
    yield
  File "/home/csun001/anaconda3/envs/2.1.0-gpu/lib/python3.7/site-packages/tensorflow_core/python/data/ops/iterator_ops.py", line 659, in _next_internal
    output_shapes=self._flat_output_shapes)
  File "/home/csun001/anaconda3/envs/2.1.0-gpu/lib/python3.7/site-packages/tensorflow_core/python/ops/gen_dataset_ops.py", line 2479, in iterator_get_next_sync
    _ops.raise_from_not_ok_status(e, name)
  File "/home/csun001/anaconda3/envs/2.1.0-gpu/lib/python3.7/site-packages/tensorflow_core/python/framework/ops.py", line 6606, in raise_from_not_ok_status
    six.raise_from(core._status_to_exception(e.code, message), None)
  File "<string>", line 3, in raise_from
tensorflow.python.framework.errors_impl.NotFoundError: /home/csun001/Nyx/NyxDataSet/NyxDataSet64_64_64.tfrecords; No such file or directory [Op:IteratorGetNextSync]

During handling of the above exception, another exception occurred:

Traceback (most recent call last):
  File "main.py", line 163, in <module>
    main()
  File "main.py", line 117, in main
    datarange[i] = np.max(list(validating_batch.as_numpy_iterator())[0][1][i]) - np.min(list(validating_batch.as_numpy_iterator())[0][1][i])
  File "/home/csun001/anaconda3/envs/2.1.0-gpu/lib/python3.7/site-packages/tensorflow_core/python/data/ops/dataset_ops.py", line 3642, in __next__
    return self.next()
  File "/home/csun001/anaconda3/envs/2.1.0-gpu/lib/python3.7/site-packages/tensorflow_core/python/data/ops/dataset_ops.py", line 3639, in next
    return nest.map_structure(lambda x: x.numpy(), next(self._iterator))
  File "/home/csun001/anaconda3/envs/2.1.0-gpu/lib/python3.7/site-packages/tensorflow_core/python/data/ops/iterator_ops.py", line 630, in __next__
    return self.next()
  File "/home/csun001/anaconda3/envs/2.1.0-gpu/lib/python3.7/site-packages/tensorflow_core/python/data/ops/iterator_ops.py", line 674, in next
    return self._next_internal()
  File "/home/csun001/anaconda3/envs/2.1.0-gpu/lib/python3.7/site-packages/tensorflow_core/python/data/ops/iterator_ops.py", line 665, in _next_internal
    return structure.from_compatible_tensor_list(self._element_spec, ret)
  File "/home/csun001/anaconda3/envs/2.1.0-gpu/lib/python3.7/contextlib.py", line 130, in __exit__
    self.gen.throw(type, value, traceback)
  File "/home/csun001/anaconda3/envs/2.1.0-gpu/lib/python3.7/site-packages/tensorflow_core/python/eager/context.py", line 1900, in execution_mode
    executor_new.wait()
  File "/home/csun001/anaconda3/envs/2.1.0-gpu/lib/python3.7/site-packages/tensorflow_core/python/eager/executor.py", line 67, in wait
    pywrap_tensorflow.TFE_ExecutorWaitForAllPendingNodes(self._handle)
tensorflow.python.framework.errors_impl.NotFoundError: /home/csun001/Nyx/NyxDataSet/NyxDataSet64_64_64.tfrecords; No such file or directory
2020-09-29 13:54:23.501474: I tensorflow/stream_executor/platform/default/dso_loader.cc:44] Successfully opened dynamic library libcuda.so.1
2020-09-29 13:54:24.078265: I tensorflow/stream_executor/cuda/cuda_gpu_executor.cc:981] successful NUMA node read from SysFS had negative value (-1), but there must be at least one NUMA node, so returning NUMA node zero
2020-09-29 13:54:24.078598: I tensorflow/core/common_runtime/gpu/gpu_device.cc:1555] Found device 0 with properties: 
pciBusID: 0000:01:00.0 name: GeForce RTX 2080 Ti computeCapability: 7.5
coreClock: 1.545GHz coreCount: 68 deviceMemorySize: 10.76GiB deviceMemoryBandwidth: 573.69GiB/s
2020-09-29 13:54:24.078779: I tensorflow/stream_executor/platform/default/dso_loader.cc:44] Successfully opened dynamic library libcudart.so.10.1
2020-09-29 13:54:24.079963: I tensorflow/stream_executor/platform/default/dso_loader.cc:44] Successfully opened dynamic library libcublas.so.10
2020-09-29 13:54:24.080982: I tensorflow/stream_executor/platform/default/dso_loader.cc:44] Successfully opened dynamic library libcufft.so.10
2020-09-29 13:54:24.081161: I tensorflow/stream_executor/platform/default/dso_loader.cc:44] Successfully opened dynamic library libcurand.so.10
2020-09-29 13:54:24.082280: I tensorflow/stream_executor/platform/default/dso_loader.cc:44] Successfully opened dynamic library libcusolver.so.10
2020-09-29 13:54:24.082894: I tensorflow/stream_executor/platform/default/dso_loader.cc:44] Successfully opened dynamic library libcusparse.so.10
2020-09-29 13:54:24.085083: I tensorflow/stream_executor/platform/default/dso_loader.cc:44] Successfully opened dynamic library libcudnn.so.7
2020-09-29 13:54:24.085175: I tensorflow/stream_executor/cuda/cuda_gpu_executor.cc:981] successful NUMA node read from SysFS had negative value (-1), but there must be at least one NUMA node, so returning NUMA node zero
2020-09-29 13:54:24.085554: I tensorflow/stream_executor/cuda/cuda_gpu_executor.cc:981] successful NUMA node read from SysFS had negative value (-1), but there must be at least one NUMA node, so returning NUMA node zero
2020-09-29 13:54:24.086006: I tensorflow/core/common_runtime/gpu/gpu_device.cc:1697] Adding visible gpu devices: 0
2020-09-29 13:54:24.086181: I tensorflow/core/platform/cpu_feature_guard.cc:142] Your CPU supports instructions that this TensorFlow binary was not compiled to use: SSE4.1 SSE4.2 AVX AVX2 FMA
2020-09-29 13:54:24.091222: I tensorflow/core/platform/profile_utils/cpu_utils.cc:94] CPU Frequency: 3600000000 Hz
2020-09-29 13:54:24.092118: I tensorflow/compiler/xla/service/service.cc:168] XLA service 0x55666ca16a30 initialized for platform Host (this does not guarantee that XLA will be used). Devices:
2020-09-29 13:54:24.092133: I tensorflow/compiler/xla/service/service.cc:176]   StreamExecutor device (0): Host, Default Version
2020-09-29 13:54:24.092230: I tensorflow/stream_executor/cuda/cuda_gpu_executor.cc:981] successful NUMA node read from SysFS had negative value (-1), but there must be at least one NUMA node, so returning NUMA node zero
2020-09-29 13:54:24.092593: I tensorflow/core/common_runtime/gpu/gpu_device.cc:1555] Found device 0 with properties: 
pciBusID: 0000:01:00.0 name: GeForce RTX 2080 Ti computeCapability: 7.5
coreClock: 1.545GHz coreCount: 68 deviceMemorySize: 10.76GiB deviceMemoryBandwidth: 573.69GiB/s
2020-09-29 13:54:24.092657: I tensorflow/stream_executor/platform/default/dso_loader.cc:44] Successfully opened dynamic library libcudart.so.10.1
2020-09-29 13:54:24.092667: I tensorflow/stream_executor/platform/default/dso_loader.cc:44] Successfully opened dynamic library libcublas.so.10
2020-09-29 13:54:24.092676: I tensorflow/stream_executor/platform/default/dso_loader.cc:44] Successfully opened dynamic library libcufft.so.10
2020-09-29 13:54:24.092684: I tensorflow/stream_executor/platform/default/dso_loader.cc:44] Successfully opened dynamic library libcurand.so.10
2020-09-29 13:54:24.092693: I tensorflow/stream_executor/platform/default/dso_loader.cc:44] Successfully opened dynamic library libcusolver.so.10
2020-09-29 13:54:24.092702: I tensorflow/stream_executor/platform/default/dso_loader.cc:44] Successfully opened dynamic library libcusparse.so.10
2020-09-29 13:54:24.092711: I tensorflow/stream_executor/platform/default/dso_loader.cc:44] Successfully opened dynamic library libcudnn.so.7
2020-09-29 13:54:24.092744: I tensorflow/stream_executor/cuda/cuda_gpu_executor.cc:981] successful NUMA node read from SysFS had negative value (-1), but there must be at least one NUMA node, so returning NUMA node zero
2020-09-29 13:54:24.093068: I tensorflow/stream_executor/cuda/cuda_gpu_executor.cc:981] successful NUMA node read from SysFS had negative value (-1), but there must be at least one NUMA node, so returning NUMA node zero
2020-09-29 13:54:24.093433: I tensorflow/core/common_runtime/gpu/gpu_device.cc:1697] Adding visible gpu devices: 0
2020-09-29 13:54:24.093454: I tensorflow/stream_executor/platform/default/dso_loader.cc:44] Successfully opened dynamic library libcudart.so.10.1
2020-09-29 13:54:24.146482: I tensorflow/core/common_runtime/gpu/gpu_device.cc:1096] Device interconnect StreamExecutor with strength 1 edge matrix:
2020-09-29 13:54:24.146509: I tensorflow/core/common_runtime/gpu/gpu_device.cc:1102]      0 
2020-09-29 13:54:24.146531: I tensorflow/core/common_runtime/gpu/gpu_device.cc:1115] 0:   N 
2020-09-29 13:54:24.146656: I tensorflow/stream_executor/cuda/cuda_gpu_executor.cc:981] successful NUMA node read from SysFS had negative value (-1), but there must be at least one NUMA node, so returning NUMA node zero
2020-09-29 13:54:24.147122: I tensorflow/stream_executor/cuda/cuda_gpu_executor.cc:981] successful NUMA node read from SysFS had negative value (-1), but there must be at least one NUMA node, so returning NUMA node zero
2020-09-29 13:54:24.147530: I tensorflow/stream_executor/cuda/cuda_gpu_executor.cc:981] successful NUMA node read from SysFS had negative value (-1), but there must be at least one NUMA node, so returning NUMA node zero
2020-09-29 13:54:24.147875: I tensorflow/core/common_runtime/gpu/gpu_device.cc:1241] Created TensorFlow device (/job:localhost/replica:0/task:0/device:GPU:0 with 10320 MB memory) -> physical GPU (device: 0, name: GeForce RTX 2080 Ti, pci bus id: 0000:01:00.0, compute capability: 7.5)
2020-09-29 13:54:24.149052: I tensorflow/compiler/xla/service/service.cc:168] XLA service 0x55666f6d9150 initialized for platform CUDA (this does not guarantee that XLA will be used). Devices:
2020-09-29 13:54:24.149065: I tensorflow/compiler/xla/service/service.cc:176]   StreamExecutor device (0): GeForce RTX 2080 Ti, Compute Capability 7.5
2020-09-29 13:54:50.759377: I tensorflow/stream_executor/platform/default/dso_loader.cc:44] Successfully opened dynamic library libcublas.so.10
2020-09-29 13:54:50.878753: I tensorflow/stream_executor/platform/default/dso_loader.cc:44] Successfully opened dynamic library libcudnn.so.7
DIS GRAPH SIDE EFFECT
DIS GRAPH SIDE EFFECT
GEN GRAPH SIDE EFFECT
GEN GRAPH SIDE EFFECT
Traceback (most recent call last):
  File "main.py", line 163, in <module>
    main()
  File "main.py", line 127, in main
    gFakeLoss, gL2Loss= train_generator(real_data)
  File "/home/csun001/anaconda3/envs/2.1.0-gpu/lib/python3.7/site-packages/tensorflow_core/python/eager/def_function.py", line 568, in __call__
    result = self._call(*args, **kwds)
  File "/home/csun001/anaconda3/envs/2.1.0-gpu/lib/python3.7/site-packages/tensorflow_core/python/eager/def_function.py", line 632, in _call
    return self._stateless_fn(*args, **kwds)
  File "/home/csun001/anaconda3/envs/2.1.0-gpu/lib/python3.7/site-packages/tensorflow_core/python/eager/function.py", line 2362, in __call__
    graph_function, args, kwargs = self._maybe_define_function(args, kwargs)
  File "/home/csun001/anaconda3/envs/2.1.0-gpu/lib/python3.7/site-packages/tensorflow_core/python/eager/function.py", line 2703, in _maybe_define_function
    graph_function = self._create_graph_function(args, kwargs)
  File "/home/csun001/anaconda3/envs/2.1.0-gpu/lib/python3.7/site-packages/tensorflow_core/python/eager/function.py", line 2593, in _create_graph_function
    capture_by_value=self._capture_by_value),
  File "/home/csun001/anaconda3/envs/2.1.0-gpu/lib/python3.7/site-packages/tensorflow_core/python/framework/func_graph.py", line 978, in func_graph_from_py_func
    func_outputs = python_func(*func_args, **func_kwargs)
  File "/home/csun001/anaconda3/envs/2.1.0-gpu/lib/python3.7/site-packages/tensorflow_core/python/eager/def_function.py", line 439, in wrapped_fn
    return weak_wrapped_fn().__wrapped__(*args, **kwds)
  File "/home/csun001/anaconda3/envs/2.1.0-gpu/lib/python3.7/site-packages/tensorflow_core/python/framework/func_graph.py", line 968, in wrapper
    raise e.ag_error_metadata.to_exception(e)
tensorflow.python.autograph.impl.api.StagingError: in converted code:

    main.py:67 train_generator  *
        gradients = tape.gradient(gLoss, gen.trainable_variables)
    /home/csun001/anaconda3/envs/2.1.0-gpu/lib/python3.7/site-packages/tensorflow_core/python/eager/backprop.py:1029 gradient
        unconnected_gradients=unconnected_gradients)
    /home/csun001/anaconda3/envs/2.1.0-gpu/lib/python3.7/site-packages/tensorflow_core/python/eager/imperative_grad.py:77 imperative_grad
        compat.as_str(unconnected_gradients.value))

    SystemError: <built-in function TFE_Py_TapeGradient> returned a result with an error set

2020-09-29 13:55:07.079759: I tensorflow/stream_executor/platform/default/dso_loader.cc:44] Successfully opened dynamic library libcuda.so.1
2020-09-29 13:55:07.655119: I tensorflow/stream_executor/cuda/cuda_gpu_executor.cc:981] successful NUMA node read from SysFS had negative value (-1), but there must be at least one NUMA node, so returning NUMA node zero
2020-09-29 13:55:07.655511: I tensorflow/core/common_runtime/gpu/gpu_device.cc:1555] Found device 0 with properties: 
pciBusID: 0000:01:00.0 name: GeForce RTX 2080 Ti computeCapability: 7.5
coreClock: 1.545GHz coreCount: 68 deviceMemorySize: 10.76GiB deviceMemoryBandwidth: 573.69GiB/s
2020-09-29 13:55:07.655718: I tensorflow/stream_executor/platform/default/dso_loader.cc:44] Successfully opened dynamic library libcudart.so.10.1
2020-09-29 13:55:07.656802: I tensorflow/stream_executor/platform/default/dso_loader.cc:44] Successfully opened dynamic library libcublas.so.10
2020-09-29 13:55:07.657750: I tensorflow/stream_executor/platform/default/dso_loader.cc:44] Successfully opened dynamic library libcufft.so.10
2020-09-29 13:55:07.657901: I tensorflow/stream_executor/platform/default/dso_loader.cc:44] Successfully opened dynamic library libcurand.so.10
2020-09-29 13:55:07.658897: I tensorflow/stream_executor/platform/default/dso_loader.cc:44] Successfully opened dynamic library libcusolver.so.10
2020-09-29 13:55:07.659467: I tensorflow/stream_executor/platform/default/dso_loader.cc:44] Successfully opened dynamic library libcusparse.so.10
2020-09-29 13:55:07.661682: I tensorflow/stream_executor/platform/default/dso_loader.cc:44] Successfully opened dynamic library libcudnn.so.7
2020-09-29 13:55:07.661755: I tensorflow/stream_executor/cuda/cuda_gpu_executor.cc:981] successful NUMA node read from SysFS had negative value (-1), but there must be at least one NUMA node, so returning NUMA node zero
2020-09-29 13:55:07.662154: I tensorflow/stream_executor/cuda/cuda_gpu_executor.cc:981] successful NUMA node read from SysFS had negative value (-1), but there must be at least one NUMA node, so returning NUMA node zero
2020-09-29 13:55:07.662643: I tensorflow/core/common_runtime/gpu/gpu_device.cc:1697] Adding visible gpu devices: 0
2020-09-29 13:55:07.662863: I tensorflow/core/platform/cpu_feature_guard.cc:142] Your CPU supports instructions that this TensorFlow binary was not compiled to use: SSE4.1 SSE4.2 AVX AVX2 FMA
2020-09-29 13:55:07.667040: I tensorflow/core/platform/profile_utils/cpu_utils.cc:94] CPU Frequency: 3600000000 Hz
2020-09-29 13:55:07.667529: I tensorflow/compiler/xla/service/service.cc:168] XLA service 0x558bdadb8a30 initialized for platform Host (this does not guarantee that XLA will be used). Devices:
2020-09-29 13:55:07.667542: I tensorflow/compiler/xla/service/service.cc:176]   StreamExecutor device (0): Host, Default Version
2020-09-29 13:55:07.667644: I tensorflow/stream_executor/cuda/cuda_gpu_executor.cc:981] successful NUMA node read from SysFS had negative value (-1), but there must be at least one NUMA node, so returning NUMA node zero
2020-09-29 13:55:07.667920: I tensorflow/core/common_runtime/gpu/gpu_device.cc:1555] Found device 0 with properties: 
pciBusID: 0000:01:00.0 name: GeForce RTX 2080 Ti computeCapability: 7.5
coreClock: 1.545GHz coreCount: 68 deviceMemorySize: 10.76GiB deviceMemoryBandwidth: 573.69GiB/s
2020-09-29 13:55:07.667940: I tensorflow/stream_executor/platform/default/dso_loader.cc:44] Successfully opened dynamic library libcudart.so.10.1
2020-09-29 13:55:07.667950: I tensorflow/stream_executor/platform/default/dso_loader.cc:44] Successfully opened dynamic library libcublas.so.10
2020-09-29 13:55:07.667960: I tensorflow/stream_executor/platform/default/dso_loader.cc:44] Successfully opened dynamic library libcufft.so.10
2020-09-29 13:55:07.667968: I tensorflow/stream_executor/platform/default/dso_loader.cc:44] Successfully opened dynamic library libcurand.so.10
2020-09-29 13:55:07.667977: I tensorflow/stream_executor/platform/default/dso_loader.cc:44] Successfully opened dynamic library libcusolver.so.10
2020-09-29 13:55:07.667986: I tensorflow/stream_executor/platform/default/dso_loader.cc:44] Successfully opened dynamic library libcusparse.so.10
2020-09-29 13:55:07.667995: I tensorflow/stream_executor/platform/default/dso_loader.cc:44] Successfully opened dynamic library libcudnn.so.7
2020-09-29 13:55:07.668025: I tensorflow/stream_executor/cuda/cuda_gpu_executor.cc:981] successful NUMA node read from SysFS had negative value (-1), but there must be at least one NUMA node, so returning NUMA node zero
2020-09-29 13:55:07.668310: I tensorflow/stream_executor/cuda/cuda_gpu_executor.cc:981] successful NUMA node read from SysFS had negative value (-1), but there must be at least one NUMA node, so returning NUMA node zero
2020-09-29 13:55:07.668614: I tensorflow/core/common_runtime/gpu/gpu_device.cc:1697] Adding visible gpu devices: 0
2020-09-29 13:55:07.668636: I tensorflow/stream_executor/platform/default/dso_loader.cc:44] Successfully opened dynamic library libcudart.so.10.1
2020-09-29 13:55:07.720112: I tensorflow/core/common_runtime/gpu/gpu_device.cc:1096] Device interconnect StreamExecutor with strength 1 edge matrix:
2020-09-29 13:55:07.720139: I tensorflow/core/common_runtime/gpu/gpu_device.cc:1102]      0 
2020-09-29 13:55:07.720145: I tensorflow/core/common_runtime/gpu/gpu_device.cc:1115] 0:   N 
2020-09-29 13:55:07.720251: I tensorflow/stream_executor/cuda/cuda_gpu_executor.cc:981] successful NUMA node read from SysFS had negative value (-1), but there must be at least one NUMA node, so returning NUMA node zero
2020-09-29 13:55:07.720656: I tensorflow/stream_executor/cuda/cuda_gpu_executor.cc:981] successful NUMA node read from SysFS had negative value (-1), but there must be at least one NUMA node, so returning NUMA node zero
2020-09-29 13:55:07.720950: I tensorflow/stream_executor/cuda/cuda_gpu_executor.cc:981] successful NUMA node read from SysFS had negative value (-1), but there must be at least one NUMA node, so returning NUMA node zero
2020-09-29 13:55:07.721270: I tensorflow/core/common_runtime/gpu/gpu_device.cc:1241] Created TensorFlow device (/job:localhost/replica:0/task:0/device:GPU:0 with 10320 MB memory) -> physical GPU (device: 0, name: GeForce RTX 2080 Ti, pci bus id: 0000:01:00.0, compute capability: 7.5)
2020-09-29 13:55:07.722458: I tensorflow/compiler/xla/service/service.cc:168] XLA service 0x558bdda7adf0 initialized for platform CUDA (this does not guarantee that XLA will be used). Devices:
2020-09-29 13:55:07.722470: I tensorflow/compiler/xla/service/service.cc:176]   StreamExecutor device (0): GeForce RTX 2080 Ti, Compute Capability 7.5
2020-09-29 13:55:34.261887: I tensorflow/stream_executor/platform/default/dso_loader.cc:44] Successfully opened dynamic library libcublas.so.10
2020-09-29 13:55:34.381985: I tensorflow/stream_executor/platform/default/dso_loader.cc:44] Successfully opened dynamic library libcudnn.so.7
